[    0.000000] Linux version 4.15.0-142-generic (buildd@lgw01-amd64-036) (gcc version 7.5.0 (Ubuntu 7.5.0-3ubuntu1~18.04)) #146-Ubuntu SMP Tue Apr 13 01:11:19 UTC 2021 (Ubuntu 4.15.0-142.146-generic 4.15.18)
[    0.000000] Command line: BOOT_IMAGE=/boot/vmlinuz-4.15.0-142-generic root=LABEL=cloudimg-rootfs ro console=tty1 console=ttyS0
[    0.000000] KERNEL supported cpus:
[    0.000000]   Intel GenuineIntel
[    0.000000]   AMD AuthenticAMD
[    0.000000]   Centaur CentaurHauls
[    0.000000] x86/fpu: Supporting XSAVE feature 0x001: 'x87 floating point registers'
[    0.000000] x86/fpu: Supporting XSAVE feature 0x002: 'SSE registers'
[    0.000000] x86/fpu: Supporting XSAVE feature 0x004: 'AVX registers'
[    0.000000] x86/fpu: xstate_offset[2]:  576, xstate_sizes[2]:  256
[    0.000000] x86/fpu: Enabled xstate features 0x7, context size is 832 bytes, using 'standard' format.
[    0.000000] e820: BIOS-provided physical RAM map:
[    0.000000] BIOS-e820: [mem 0x0000000000000000-0x000000000009fbff] usable
[    0.000000] BIOS-e820: [mem 0x000000000009fc00-0x000000000009ffff] reserved
[    0.000000] BIOS-e820: [mem 0x00000000000f0000-0x00000000000fffff] reserved
[    0.000000] BIOS-e820: [mem 0x0000000000100000-0x000000003ffeffff] usable
[    0.000000] BIOS-e820: [mem 0x000000003fff0000-0x000000003fffffff] ACPI data
[    0.000000] BIOS-e820: [mem 0x00000000fec00000-0x00000000fec00fff] reserved
[    0.000000] BIOS-e820: [mem 0x00000000fee00000-0x00000000fee00fff] reserved
[    0.000000] BIOS-e820: [mem 0x00000000fffc0000-0x00000000ffffffff] reserved
[    0.000000] NX (Execute Disable) protection: active
[    0.000000] SMBIOS 2.5 present.
[    0.000000] DMI: innotek GmbH VirtualBox/VirtualBox, BIOS VirtualBox 12/01/2006
[    0.000000] Hypervisor detected: KVM
[    0.000000] e820: last_pfn = 0x3fff0 max_arch_pfn = 0x400000000
[    0.000000] MTRR: Disabled
[    0.000000] x86/PAT: MTRRs disabled, skipping PAT initialization too.
[    0.000000] CPU MTRRs all blank - virtualized system.
[    0.000000] x86/PAT: Configuration [0-7]: WB  WT  UC- UC  WB  WT  UC- UC  
[    0.000000] found SMP MP-table at [mem 0x0009fff0-0x0009ffff]
[    0.000000] Scanning 1 areas for low memory corruption
[    0.000000] RAMDISK: [mem 0x359d1000-0x36cdffff]
[    0.000000] ACPI: Early table checksum verification disabled
[    0.000000] ACPI: RSDP 0x00000000000E0000 000024 (v02 VBOX  )
[    0.000000] ACPI: XSDT 0x000000003FFF0030 00003C (v01 VBOX   VBOXXSDT 00000001 ASL  00000061)
[    0.000000] ACPI: FACP 0x000000003FFF00F0 0000F4 (v04 VBOX   VBOXFACP 00000001 ASL  00000061)
[    0.000000] ACPI: DSDT 0x000000003FFF0470 002325 (v02 VBOX   VBOXBIOS 00000002 INTL 20190509)
[    0.000000] ACPI: FACS 0x000000003FFF0200 000040
[    0.000000] ACPI: FACS 0x000000003FFF0200 000040
[    0.000000] ACPI: APIC 0x000000003FFF0240 00005C (v02 VBOX   VBOXAPIC 00000001 ASL  00000061)
[    0.000000] ACPI: SSDT 0x000000003FFF02A0 0001CC (v01 VBOX   VBOXCPUT 00000002 INTL 20190509)
[    0.000000] No NUMA configuration found
[    0.000000] Faking a node at [mem 0x0000000000000000-0x000000003ffeffff]
[    0.000000] NODE_DATA(0) allocated [mem 0x3ffc5000-0x3ffeffff]
[    0.000000] kvm-clock: cpu 0, msr 0:3ff44001, primary cpu clock
[    0.000000] kvm-clock: Using msrs 4b564d01 and 4b564d00
[    0.000000] kvm-clock: using sched offset of 3358567343 cycles
[    0.000000] clocksource: kvm-clock: mask: 0xffffffffffffffff max_cycles: 0x1cd42e4dffb, max_idle_ns: 881590591483 ns
[    0.000000] Zone ranges:
[    0.000000]   DMA      [mem 0x0000000000001000-0x0000000000ffffff]
[    0.000000]   DMA32    [mem 0x0000000001000000-0x000000003ffeffff]
[    0.000000]   Normal   empty
[    0.000000]   Device   empty
[    0.000000] Movable zone start for each node
[    0.000000] Early memory node ranges
[    0.000000]   node   0: [mem 0x0000000000001000-0x000000000009efff]
[    0.000000]   node   0: [mem 0x0000000000100000-0x000000003ffeffff]
[    0.000000] Reserved but unavailable: 98 pages
[    0.000000] Initmem setup node 0 [mem 0x0000000000001000-0x000000003ffeffff]
[    0.000000] ACPI: PM-Timer IO Port: 0x4008
[    0.000000] IOAPIC[0]: apic_id 2, version 32, address 0xfec00000, GSI 0-23
[    0.000000] ACPI: INT_SRC_OVR (bus 0 bus_irq 0 global_irq 2 dfl dfl)
[    0.000000] ACPI: INT_SRC_OVR (bus 0 bus_irq 9 global_irq 9 low level)
[    0.000000] Using ACPI (MADT) for SMP configuration information
[    0.000000] smpboot: Allowing 2 CPUs, 0 hotplug CPUs
[    0.000000] PM: Registered nosave memory: [mem 0x00000000-0x00000fff]
[    0.000000] PM: Registered nosave memory: [mem 0x0009f000-0x0009ffff]
[    0.000000] PM: Registered nosave memory: [mem 0x000a0000-0x000effff]
[    0.000000] PM: Registered nosave memory: [mem 0x000f0000-0x000fffff]
[    0.000000] e820: [mem 0x40000000-0xfebfffff] available for PCI devices
[    0.000000] Booting paravirtualized kernel on KVM
[    0.000000] clocksource: refined-jiffies: mask: 0xffffffff max_cycles: 0xffffffff, max_idle_ns: 7645519600211568 ns
[    0.000000] random: get_random_bytes called from start_kernel+0x99/0x500 with crng_init=0
[    0.000000] setup_percpu: NR_CPUS:8192 nr_cpumask_bits:2 nr_cpu_ids:2 nr_node_ids:1
[    0.000000] percpu: Embedded 45 pages/cpu s147456 r8192 d28672 u1048576
[    0.000000] PV qspinlock hash table entries: 256 (order: 0, 4096 bytes)
[    0.000000] Built 1 zonelists, mobility grouping on.  Total pages: 257913
[    0.000000] Policy zone: DMA32
[    0.000000] Kernel command line: BOOT_IMAGE=/boot/vmlinuz-4.15.0-142-generic root=LABEL=cloudimg-rootfs ro console=tty1 console=ttyS0
[    0.000000] Memory: 982724K/1048120K available (12300K kernel code, 2483K rwdata, 4316K rodata, 2444K init, 2724K bss, 65396K reserved, 0K cma-reserved)
[    0.000000] SLUB: HWalign=64, Order=0-3, MinObjects=0, CPUs=2, Nodes=1
[    0.000000] Kernel/User page tables isolation: enabled
[    0.000000] ftrace: allocating 39434 entries in 155 pages
[    0.004000] Hierarchical RCU implementation.
[    0.004000] 	RCU restricting CPUs from NR_CPUS=8192 to nr_cpu_ids=2.
[    0.004000] 	Tasks RCU enabled.
[    0.004000] RCU: Adjusting geometry for rcu_fanout_leaf=16, nr_cpu_ids=2
[    0.004000] NR_IRQS: 524544, nr_irqs: 440, preallocated irqs: 16
[    0.004000] Console: colour VGA+ 80x25
[    0.004000] console [tty1] enabled
[    0.004000] console [ttyS0] enabled
[    0.004000] ACPI: Core revision 20170831
[    0.004000] ACPI: 2 ACPI AML tables successfully acquired and loaded
[    0.004000] APIC: Switch to symmetric I/O mode setup
[    0.004000] x2apic enabled
[    0.004000] Switched APIC routing to physical x2apic.
[    0.004000] ..TIMER: vector=0x30 apic1=0 pin1=2 apic2=-1 pin2=-1
[    0.004000] tsc: Detected 2807.998 MHz processor
[    0.004011] Calibrating delay loop (skipped) preset value.. 5615.99 BogoMIPS (lpj=11231992)
[    0.004982] pid_max: default: 32768 minimum: 301
[    0.005558] Security Framework initialized
[    0.006063] Yama: becoming mindful.
[    0.006502] AppArmor: AppArmor initialized
[    0.008038] Dentry cache hash table entries: 131072 (order: 8, 1048576 bytes)
[    0.008918] Inode-cache hash table entries: 65536 (order: 7, 524288 bytes)
[    0.009701] Mount-cache hash table entries: 2048 (order: 2, 16384 bytes)
[    0.010446] Mountpoint-cache hash table entries: 2048 (order: 2, 16384 bytes)
[    0.011450] Last level iTLB entries: 4KB 128, 2MB 8, 4MB 8
[    0.012001] Last level dTLB entries: 4KB 64, 2MB 0, 4MB 0, 1GB 4
[    0.012677] Spectre V1 : Mitigation: usercopy/swapgs barriers and __user pointer sanitization
[    0.013696] Spectre V2 : Mitigation: Full generic retpoline
[    0.014363] Spectre V2 : Spectre v2 / SpectreRSB mitigation: Filling RSB on context switch
[    0.015367] Speculative Store Bypass: Vulnerable
[    0.016042] SRBDS: Unknown: Dependent on hypervisor status
[    0.016681] MDS: Mitigation: Clear CPU buffers
[    0.017366] Freeing SMP alternatives memory: 36K
[    0.127873] smpboot: CPU0: Intel(R) Core(TM) i5-8400 CPU @ 2.80GHz (family: 0x6, model: 0x9e, stepping: 0xa)
[    0.128000] Performance Events: unsupported p6 CPU model 158 no PMU driver, software events only.
[    0.128000] Hierarchical SRCU implementation.
[    0.128768] NMI watchdog: Perf event create on CPU 0 failed with -2
[    0.129805] NMI watchdog: Perf NMI watchdog permanently disabled
[    0.130733] smp: Bringing up secondary CPUs ...
[    0.132095] x86: Booting SMP configuration:
[    0.132854] .... node  #0, CPUs:      #1
[    0.004000] kvm-clock: cpu 1, msr 0:3ff44041, secondary cpu clock
[    0.136018] smp: Brought up 1 node, 2 CPUs
[    0.136542] smpboot: Max logical packages: 1
[    0.137061] smpboot: Total of 2 processors activated (11231.99 BogoMIPS)
[    0.137942] devtmpfs: initialized
[    0.137942] x86/mm: Memory block size: 128MB
[    0.137942] evm: security.selinux
[    0.137942] evm: security.SMACK64
[    0.140004] evm: security.SMACK64EXEC
[    0.140462] evm: security.SMACK64TRANSMUTE
[    0.140947] evm: security.SMACK64MMAP
[    0.141441] evm: security.apparmor
[    0.141868] evm: security.ima
[    0.142278] evm: security.capability
[    0.142786] clocksource: jiffies: mask: 0xffffffff max_cycles: 0xffffffff, max_idle_ns: 7645041785100000 ns
[    0.144048] futex hash table entries: 512 (order: 3, 32768 bytes)
[    0.145806] pinctrl core: initialized pinctrl subsystem
[    0.148017] RTC time: 14:25:11, date: 05/03/21
[    0.148956] NET: Registered protocol family 16
[    0.149654] audit: initializing netlink subsys (disabled)
[    0.150402] audit: type=2000 audit(1620051916.082:1): state=initialized audit_enabled=0 res=1
[    0.150402] cpuidle: using governor ladder
[    0.152007] cpuidle: using governor menu
[    0.152515] ACPI: bus type PCI registered
[    0.153011] acpiphp: ACPI Hot Plug PCI Controller Driver version: 0.5
[    0.153811] PCI: Using configuration type 1 for base access
[    0.154484] HugeTLB registered 2.00 MiB page size, pre-allocated 0 pages
[    0.156046] ACPI: Added _OSI(Module Device)
[    0.156583] ACPI: Added _OSI(Processor Device)
[    0.157101] ACPI: Added _OSI(3.0 _SCP Extensions)
[    0.157666] ACPI: Added _OSI(Processor Aggregator Device)
[    0.158330] ACPI: Added _OSI(Linux-Dell-Video)
[    0.158897] ACPI: Added _OSI(Linux-Lenovo-NV-HDMI-Audio)
[    0.160005] ACPI: Added _OSI(Linux-HPI-Hybrid-Graphics)
[    0.161070] ACPI: Executed 1 blocks of module-level executable AML code
[    0.164395] ACPI: Interpreter enabled
[    0.164925] ACPI: (supports S0 S5)
[    0.165364] ACPI: Using IOAPIC for interrupt routing
[    0.166264] PCI: Using host bridge windows from ACPI; if necessary, use "pci=nocrs" and report a bug
[    0.167800] ACPI: Enabled 2 GPEs in block 00 to 07
[    0.172807] ACPI: PCI Root Bridge [PCI0] (domain 0000 [bus 00-ff])
[    0.173595] acpi PNP0A03:00: _OSC: OS supports [ASPM ClockPM Segments MSI]
[    0.174725] acpi PNP0A03:00: _OSC: not requesting OS control; OS requires [ExtendedConfig ASPM ClockPM MSI]
[    0.175860] acpi PNP0A03:00: fail to add MMCONFIG information, can't access extended PCI configuration space under this bridge.
[    0.176380] PCI host bridge to bus 0000:00
[    0.177265] pci_bus 0000:00: root bus resource [io  0x0000-0x0cf7 window]
[    0.178228] pci_bus 0000:00: root bus resource [io  0x0d00-0xffff window]
[    0.180006] pci_bus 0000:00: root bus resource [mem 0x000a0000-0x000bffff window]
[    0.181358] pci_bus 0000:00: root bus resource [mem 0x40000000-0xfdffffff window]
[    0.182785] pci_bus 0000:00: root bus resource [bus 00-ff]
[    0.185094] pci 0000:00:01.1: legacy IDE quirk: reg 0x10: [io  0x01f0-0x01f7]
[    0.185957] pci 0000:00:01.1: legacy IDE quirk: reg 0x14: [io  0x03f6]
[    0.186763] pci 0000:00:01.1: legacy IDE quirk: reg 0x18: [io  0x0170-0x0177]
[    0.188005] pci 0000:00:01.1: legacy IDE quirk: reg 0x1c: [io  0x0376]
[    0.203611] pci 0000:00:07.0: quirk: [io  0x4000-0x403f] claimed by PIIX4 ACPI
[    0.204012] pci 0000:00:07.0: quirk: [io  0x4100-0x410f] claimed by PIIX4 SMB
[    0.209265] ACPI: PCI Interrupt Link [LNKA] (IRQs 5 9 10 *11)
[    0.210225] ACPI: PCI Interrupt Link [LNKB] (IRQs 5 9 *10 11)
[    0.212016] ACPI: PCI Interrupt Link [LNKC] (IRQs 5 *9 10 11)
[    0.212978] ACPI: PCI Interrupt Link [LNKD] (IRQs 5 9 10 *11)
[    0.214299] SCSI subsystem initialized
[    0.214935] pci 0000:00:02.0: vgaarb: setting as boot VGA device
[    0.214935] pci 0000:00:02.0: vgaarb: VGA device added: decodes=io+mem,owns=io+mem,locks=none
[    0.216012] pci 0000:00:02.0: vgaarb: bridge control possible
[    0.216669] vgaarb: loaded
[    0.217095] ACPI: bus type USB registered
[    0.217604] usbcore: registered new interface driver usbfs
[    0.218235] usbcore: registered new interface driver hub
[    0.218868] usbcore: registered new device driver usb
[    0.220057] EDAC MC: Ver: 3.0.0
[    0.220569] PCI: Using ACPI for IRQ routing
[    0.220755] NetLabel: Initializing
[    0.221186] NetLabel:  domain hash size = 128
[    0.221708] NetLabel:  protocols = UNLABELED CIPSOv4 CALIPSO
[    0.222384] NetLabel:  unlabeled traffic allowed by default
[    0.224097] clocksource: Switched to clocksource kvm-clock
[    0.234226] VFS: Disk quotas dquot_6.6.0
[    0.234834] VFS: Dquot-cache hash table entries: 512 (order 0, 4096 bytes)
[    0.235754] AppArmor: AppArmor Filesystem Enabled
[    0.236409] pnp: PnP ACPI init
[    0.237520] pnp: PnP ACPI: found 3 devices
[    0.245280] clocksource: acpi_pm: mask: 0xffffff max_cycles: 0xffffff, max_idle_ns: 2085701024 ns
[    0.246628] NET: Registered protocol family 2
[    0.247327] TCP established hash table entries: 8192 (order: 4, 65536 bytes)
[    0.248216] TCP bind hash table entries: 8192 (order: 5, 131072 bytes)
[    0.249411] TCP: Hash tables configured (established 8192 bind 8192)
[    0.250164] UDP hash table entries: 512 (order: 2, 16384 bytes)
[    0.250856] UDP-Lite hash table entries: 512 (order: 2, 16384 bytes)
[    0.251616] NET: Registered protocol family 1
[    0.252161] pci 0000:00:00.0: Limiting direct PCI/PCI transfers
[    0.252861] pci 0000:00:01.0: Activating ISA DMA hang workarounds
[    0.253576] pci 0000:00:02.0: Video device with shadowed ROM at [mem 0x000c0000-0x000dffff]
[    0.254608] Unpacking initramfs...
[    0.482297] Freeing initrd memory: 19516K
[    0.483602] clocksource: tsc: mask: 0xffffffffffffffff max_cycles: 0x2879c456dd4, max_idle_ns: 440795285767 ns
[    0.485393] platform rtc_cmos: registered platform RTC device (no PNP device found)
[    0.486622] Scanning for low memory corruption every 60 seconds
[    0.488174] Initialise system trusted keyrings
[    0.489215] Key type blacklist registered
[    0.498330] workingset: timestamp_bits=36 max_order=18 bucket_order=0
[    0.501063] zbud: loaded
[    0.502103] squashfs: version 4.0 (2009/01/31) Phillip Lougher
[    0.503187] fuse init (API version 7.26)
[    0.507664] Key type asymmetric registered
[    0.508312] Asymmetric key parser 'x509' registered
[    0.508943] Block layer SCSI generic (bsg) driver version 0.4 loaded (major 246)
[    0.510020] io scheduler noop registered
[    0.510586] io scheduler deadline registered
[    0.511868] io scheduler cfq registered (default)
[    0.512905] ACPI: AC Adapter [AC] (on-line)
[    0.513556] input: Power Button as /devices/LNXSYSTM:00/LNXPWRBN:00/input/input0
[    0.514566] ACPI: Power Button [PWRF]
[    0.515113] input: Sleep Button as /devices/LNXSYSTM:00/LNXSLPBN:00/input/input1
[    0.516143] ACPI: Sleep Button [SLPF]
[    0.516925] Serial: 8250/16550 driver, 32 ports, IRQ sharing enabled
[    0.538363] 00:02: ttyS0 at I/O 0x3f8 (irq = 4, base_baud = 115200) is a 16550A
[    0.550705] Linux agpgart interface v0.103
[    0.556943] loop: module loaded
[    0.560442] scsi host0: ata_piix
[    0.561176] scsi host1: ata_piix
[    0.563063] ata1: PATA max UDMA/33 cmd 0x1f0 ctl 0x3f6 bmdma 0xd000 irq 14
[    0.563974] ata2: PATA max UDMA/33 cmd 0x170 ctl 0x376 bmdma 0xd008 irq 15
[    0.565267] libphy: Fixed MDIO Bus: probed
[    0.565835] tun: Universal TUN/TAP device driver, 1.6
[    0.566687] PPP generic driver version 2.4.2
[    0.569872] ehci_hcd: USB 2.0 'Enhanced' Host Controller (EHCI) Driver
[    0.570745] ehci-pci: EHCI PCI platform driver
[    0.571311] ehci-platform: EHCI generic platform driver
[    0.571980] ohci_hcd: USB 1.1 'Open' Host Controller (OHCI) Driver
[    0.572749] ohci-pci: OHCI PCI platform driver
[    0.573387] ohci-platform: OHCI generic platform driver
[    0.574179] uhci_hcd: USB Universal Host Controller Interface driver
[    0.575062] i8042: PNP: PS/2 Controller [PNP0303:PS2K,PNP0f03:PS2M] at 0x60,0x64 irq 1,12
[    0.577721] serio: i8042 KBD port at 0x60,0x64 irq 1
[    0.578628] serio: i8042 AUX port at 0x60,0x64 irq 12
[    0.580017] mousedev: PS/2 mouse device common for all mice
[    0.582008] rtc_cmos rtc_cmos: rtc core: registered rtc_cmos as rtc0
[    0.586094] rtc_cmos rtc_cmos: alarms up to one day, 114 bytes nvram
[    0.586992] i2c /dev entries driver
[    0.588099] input: AT Translated Set 2 keyboard as /devices/platform/i8042/serio0/input/input2
[    0.589503] device-mapper: uevent: version 1.0.3
[    0.591224] device-mapper: ioctl: 4.37.0-ioctl (2017-09-20) initialised: dm-devel@redhat.com
[    0.592418] ledtrig-cpu: registered to indicate activity on CPUs
[    0.593781] NET: Registered protocol family 10
[    0.599034] Segment Routing with IPv6
[    0.599568] NET: Registered protocol family 17
[    0.600259] Key type dns_resolver registered
[    0.601104] mce: Using 0 MCE banks
[    0.601546] RAS: Correctable Errors collector initialized.
[    0.602190] sched_clock: Marking stable (601078294, 0)->(715696186, -114617892)
[    0.603511] registered taskstats version 1
[    0.604019] Loading compiled-in X.509 certificates
[    0.606503] Loaded X.509 cert 'Build time autogenerated kernel key: 028139f94c642d40642d50ab098c4e7b0aebaa81'
[    0.608116] Loaded X.509 cert 'Canonical Ltd. Live Patch Signing: 14df34d1a87cf37625abec039ef2bf521249b969'
[    0.609670] Loaded X.509 cert 'Canonical Ltd. Kernel Module Signing: 88f752e560a1e0737e31163a466ad7b70a850c19'
[    0.611119] zswap: loaded using pool lzo/zbud
[    0.614896] Key type big_key registered
[    0.615505] Key type trusted registered
[    0.617443] Key type encrypted registered
[    0.618011] AppArmor: AppArmor sha1 policy hashing enabled
[    0.618666] ima: No TPM chip found, activating TPM-bypass! (rc=-19)
[    0.619395] ima: Allocated hash algorithm: sha1
[    0.619939] evm: HMAC attrs: 0x1
[    0.620529]   Magic number: 5:78:434
[    0.621120] rtc_cmos rtc_cmos: setting system clock to 2021-05-03 14:25:12 UTC (1620051912)
[    0.622219] BIOS EDD facility v0.16 2004-Jun-25, 0 devices found
[    0.622918] EDD information not available.
[    0.785872] Freeing unused kernel image memory: 2444K
[    1.302468] Write protecting the kernel read-only data: 20480k
[    1.306404] Freeing unused kernel image memory: 2008K
[    1.309442] Freeing unused kernel image memory: 1828K
[    1.323088] x86/mm: Checked W+X mappings: passed, no W+X pages found.
[    1.324336] x86/mm: Checking user space page tables
[    1.332539] x86/mm: Checked W+X mappings: passed, no W+X pages found.
Loading, please wait...
starting version 237
[    1.388144] Fusion MPT base driver 3.04.20
[    1.388752] Copyright (c) 1999-2008 LSI Corporation
[    1.391127] e1000: Intel(R) PRO/1000 Network Driver - version 7.3.21-k8-NAPI
[    1.392045] e1000: Copyright (c) 1999-2006 Intel Corporation.
[    1.400493] Fusion MPT SPI Host driver 3.04.20
[    1.416672] AVX2 version of gcm_enc/dec engaged.
[    1.417490] AES CTR mode by8 optimization enabled
[    1.628540] input: ImExPS/2 Generic Explorer Mouse as /devices/platform/i8042/serio1/input/input4
[    2.553814] e1000 0000:00:03.0 eth0: (PCI:33MHz:32-bit) 02:11:1d:b6:24:f9
[    2.558170] e1000 0000:00:03.0 eth0: Intel(R) PRO/1000 Network Connection
[    2.562949] mptbase: ioc0: Initiating bringup
[    2.563937] e1000 0000:00:03.0 enp0s3: renamed from eth0
[    4.144325] ioc0: LSI53C1030 A0: Capabilities={Initiator}
[    9.436267] scsi host2: ioc0: LSI53C1030 A0, FwRev=00000000h, Ports=1, MaxQ=256, IRQ=20
[   12.560958] scsi 2:0:0:0: Direct-Access     VBOX     HARDDISK         1.0  PQ: 0 ANSI: 5
[   13.504043] scsi target2:0:0: Beginning Domain Validation
[   13.511242] scsi target2:0:0: Domain Validation skipping write tests
[   13.515247] scsi target2:0:0: Ending Domain Validation
[   13.516452] scsi target2:0:0: asynchronous
[   13.517493] scsi 2:0:1:0: Direct-Access     VBOX     HARDDISK         1.0  PQ: 0 ANSI: 5
[   16.136262] scsi target2:0:1: Beginning Domain Validation
[   16.142190] random: fast init done
[   16.142659] scsi target2:0:1: Domain Validation skipping write tests
[   16.143393] scsi target2:0:1: Ending Domain Validation
[   16.144085] scsi target2:0:1: asynchronous
[   16.146975] random: systemd-udevd: uninitialized urandom read (16 bytes read)
[   16.147957] random: systemd-udevd: uninitialized urandom read (16 bytes read)
[   16.148902] random: systemd-udevd: uninitialized urandom read (16 bytes read)
[   16.150271] sd 2:0:0:0: [sda] 83886080 512-byte logical blocks: (42.9 GB/40.0 GiB)
[   16.151353] sd 2:0:0:0: [sda] Write Protect is off
[   16.152003] sd 2:0:0:0: Attached scsi generic sg0 type 0
[   16.152816] sd 2:0:0:0: [sda] Incomplete mode parameter data
[   16.153550] sd 2:0:0:0: [sda] Assuming drive cache: write through
[   16.155307] sd 2:0:1:0: [sdb] 20480 512-byte logical blocks: (10.5 MB/10.0 MiB)
[   16.155352] sd 2:0:1:0: Attached scsi generic sg1 type 0
[   16.157603]  sda: sda1
[   16.157645] sd 2:0:1:0: [sdb] Write Protect is off
[   16.158782] sd 2:0:1:0: [sdb] Incomplete mode parameter data
[   16.159138] sd 2:0:0:0: [sda] Attached SCSI disk
[   16.159560] sd 2:0:1:0: [sdb] Assuming drive cache: write through
[   16.162559] sd 2:0:1:0: [sdb] Attached SCSI disk
Begin: Loading essential drivers ... [   17.556051] raid6: sse2x1   gen() 13614 MB/s
[   17.604049] raid6: sse2x1   xor()  9457 MB/s
[   17.652055] raid6: sse2x2   gen() 16956 MB/s
[   17.700048] raid6: sse2x2   xor() 11415 MB/s
[   17.748048] raid6: sse2x4   gen() 19194 MB/s
[   17.796047] raid6: sse2x4   xor() 12057 MB/s
[   17.844044] raid6: avx2x1   gen() 27069 MB/s
[   17.892052] raid6: avx2x1   xor() 19249 MB/s
[   17.940100] raid6: avx2x2   gen() 31790 MB/s
[   17.988042] raid6: avx2x2   xor() 20590 MB/s
[   18.036042] raid6: avx2x4   gen() 38056 MB/s
[   18.084080] raid6: avx2x4   xor() 22442 MB/s
[   18.084686] raid6: using algorithm avx2x4 gen() 38056 MB/s
[   18.085313] raid6: .... xor() 22442 MB/s, rmw enabled
[   18.085907] raid6: using avx2x2 recovery algorithm
[   18.087280] xor: automatically using best checksumming function   avx       
[   18.088808] async_tx: api initialized (async)
done.
Begin: Running /scripts/init-premount ... done.
Begin: Mounting root file system ... Begin: Running /scripts/local-top ... done.
Begin: Running /scripts/local-premount ... [   18.124366] Btrfs loaded, crc32c=crc32c-intel
Scanning for Btrfs filesystems
done.
Warning: fsck not present, so skipping root file system
[   18.147568] EXT4-fs (sda1): mounted filesystem with ordered data mode. Opts: (null)
done.
Begin: Running /scripts/local-bottom ... done.
Begin: Running /scripts/init-bottom ... done.
[   18.696444] ip_tables: (C) 2000-2006 Netfilter Core Team
[   19.284420] systemd[1]: systemd 237 running in system mode. (+PAM +AUDIT +SELINUX +IMA +APPARMOR +SMACK +SYSVINIT +UTMP +LIBCRYPTSETUP +GCRYPT +GNUTLS +ACL +XZ +LZ4 +SECCOMP +BLKID +ELFUTILS +KMOD -IDN2 +IDN -PCRE2 default-hierarchy=hybrid)
[   19.295988] systemd[1]: Detected virtualization oracle.
[   19.299042] systemd[1]: Detected architecture x86-64.

Welcome to [1mUbuntu 18.04.5 LTS[0m!

[   19.356290] systemd[1]: Set hostname to <ubuntu>.
[   19.481837] systemd[1]: Initializing machine ID from random generator.
[   19.484404] systemd[1]: Installed transient /etc/machine-id file.
[   21.222889] random: crng init done
[   21.226093] random: 7 urandom warning(s) missed due to ratelimiting
[   22.180321] systemd[1]: Created slice User and Session Slice.
[[0;32m  OK  [0m] Created slice User and Session Slice.
[   22.181606] systemd[1]: Reached target System Time Synchronized.
[[0;32m  OK  [0m] Reached target System Time Synchronized.
[   22.183086] systemd[1]: Set up automount Arbitrary Executable File Formats File System Automount Point.
[[0;32m  OK  [0m] Set up automount Arbitrary Executab…rmats File System Automount Point.
[   22.304131] systemd[1]: Created slice System Slice.
[[0;32m  OK  [0m] Created slice System Slice.
[[0;32m  OK  [0m] Listening on LVM2 poll daemon socket.
[[0;32m  OK  [0m] Listening on Journal Audit Socket.
[[0;32m  OK  [0m] Listening on udev Kernel Socket.
[[0;32m  OK  [0m] Listening on Journal Socket (/dev/log).
[[0;32m  OK  [0m] Listening on Journal Socket.
         Starting Uncomplicated firewall...
         Mounting Huge Pages File System...
         Starting Set the console keyboard layout...
[[0;32m  OK  [0m] Listening on LVM2 metadata daemon socket.
[[0;32m  OK  [0m] Listening on udev Control Socket.
[[0;32m  OK  [0m] Listening on Network Service Netlink Socket.
[[0;32m  OK  [0m] Reached target Swap.
         Starting Load Kernel Modules...
         Starting Create list of required st…ce nodes for the current kernel...
[[0;32m  OK  [0m] Listening on fsck to fsckd communication Socket.
         Starting File System Check on Root Device...
         Mounting Kernel Debug File System...
[[0;32m  OK  [0m] Started Forward Password Requests to Wall Directory Watch.
[[0;32m  OK  [0m] Created slice system-serial\x2dgetty.slice.
[[0;32m  OK  [0m] Listening on Device-mapper event daemon FIFOs.
         Starting Monitoring of LVM2 mirrors…ng dmeventd or progress polling...
[[0;32m  OK  [0m] Reached target User and Group Name Lookups.
[[0;32m  OK  [0m] Listening on /dev/initctl Compatibility Named Pipe.
[[0;32m  OK  [0m] Reached target Slices.
         Starting udev Coldplug all Devices...
         Mounting POSIX Message Queue File System...
[[0;32m  OK  [0m] Listening on Syslog Socket.
         Starting Journal Service...
[[0;32m  OK  [0m] Started Uncomplicated firewall.
[[0;32m  OK  [0m] Mounted Huge Pages File System.
[[0;32m  OK  [0m] Started Create list of required sta…vice nodes for the current kernel.
[   22.602611] Loading iSCSI transport class v2.0-870.
[[0;32m  OK  [0m] Mounted Kernel Debug File System.
[[0;32m  OK  [0m] Mounted POSIX Message Queue File System.
[   22.608524] iscsi: registered transport (tcp)
[[0;32m  OK  [0m] Started File System Check Daemon to report status.
         Starting Create Static Device Nodes in /dev...
[[0;32m  OK  [0m] Started LVM2 metadata daemon.
[[0;32m  OK  [0m] Started Set the console keyboard layout.
[[0;32m  OK  [0m] Started Journal Service.
[   22.700706] iscsi: registered transport (iser)
[[0;32m  OK  [0m] Started File System Check on Root Device.
[[0;32m  OK  [0m] Started udev Coldplug all Devices.
         Starting Remount Root and Kernel File Systems...
[[0;32m  OK  [0m] Started Load Kernel Modules.
         Starting Apply Kernel Variables...
         Mounting FUSE Control File System...
         Mounting Kernel Configuration File System...
[[0;32m  OK  [0m] Mounted FUSE Control File System.
[[0;32m  OK  [0m] Started Create Static Device Nodes in /dev.
[[0;32m  OK  [0m] Mounted Kernel Configuration File System.
[[0;32m  OK  [0m] Started Remount Root and Kernel File Systems.
         Starting Load/Save Random Seed...
         Starting udev Kernel Device Manager...
         Starting Flush Journal to Persistent Storage...
[[0;32m  OK  [0m] Started Apply Kernel Variables.
[[0;32m  OK  [0m] Started Load/Save Random Seed.
[[0;32m  OK  [0m] Started Monitoring of LVM2 mirrors,…sing dmeventd or progress polling.
[[0;32m  OK  [0m] Reached target Local File Systems (Pre).
[[0;32m  OK  [0m] Reached target Local File Systems.
         Starting AppArmor initialization...
         Starting Commit a transient machine-id on disk...
         Starting Tell Plymouth To Write Out Runtime Data...
         Starting ebtables ruleset management...
         Starting Set console font and keymap...
[[0;32m  OK  [0m] Started udev Kernel Device Manager.
[[0;32m  OK  [0m] Started Dispatch Password Requests to Console Directory Watch.
[[0;32m  OK  [0m] Reached target Local Encrypted Volumes.
[[0;32m  OK  [0m] Started Tell Plymouth To Write Out Runtime Data.
[[0;32m  OK  [0m] Started Set console font and keymap.
[[0;32m  OK  [0m] Started Flush Journal to Persistent Storage.
         Starting Create Volatile Files and Directories...
[[0;32m  OK  [0m] Started Commit a transient machine-id on disk.
[[0;32m  OK  [0m] Started Create Volatile Files and Directories.
         Starting Update UTMP about System Boot/Shutdown...
[[0;32m  OK  [0m] Started Update UTMP about System Boot/Shutdown.
[[0;32m  OK  [0m] Found device /dev/ttyS0.
[[0;32m  OK  [0m] Started ebtables ruleset management.
[[0;32m  OK  [0m] Listening on Load/Save RF Kill Switch Status /dev/rfkill Watch.
[[0;32m  OK  [0m] Started AppArmor initialization.
         Starting Initial cloud-init job (pre-networking)...
         Starting Load AppArmor profiles managed internally by snapd...
[[0;32m  OK  [0m] Started Load AppArmor profiles managed internally by snapd.
[   24.781216] cloud-init[574]: Cloud-init v. 21.1-19-gbad84ad4-0ubuntu1~18.04.2 running 'init-local' at Mon, 03 May 2021 14:25:36 +0000. Up 24.50 seconds.
[[0;32m  OK  [0m] Started Initial cloud-init job (pre-networking).
[[0;32m  OK  [0m] Reached target Network (Pre).
         Starting Network Service...
[[0;32m  OK  [0m] Started Network Service.
         Starting Network Name Resolution...
         Starting Wait for Network to be Configured...
[[0;32m  OK  [0m] Started Network Name Resolution.
[[0;32m  OK  [0m] Reached target Host and Network Name Lookups.
[[0;32m  OK  [0m] Reached target Network.
[[0;32m  OK  [0m] Started Wait for Network to be Configured.
         Starting Initial cloud-init job (metadata service crawler)...
[   28.035304] cloud-init[713]: Cloud-init v. 21.1-19-gbad84ad4-0ubuntu1~18.04.2 running 'init' at Mon, 03 May 2021 14:25:39 +0000. Up 27.79 seconds.
[   28.036418] cloud-init[713]: ci-info: ++++++++++++++++++++++++++++++++++++++Net device info++++++++++++++++++++++++++++++++++++++
[   28.037361] cloud-init[713]: ci-info: +--------+------+----------------------------+---------------+--------+-------------------+
[   28.038452] cloud-init[713]: ci-info: | Device |  Up  |          Address           |      Mask     | Scope  |     Hw-Address    |
[   28.039662] cloud-init[713]: ci-info: +--------+------+----------------------------+---------------+--------+-------------------+
[   28.040719] cloud-init[713]: ci-info: | enp0s3 | True |         10.0.2.15          | 255.255.255.0 | global | 02:11:1d:b6:24:f9 |
[   28.041769] cloud-init[713]: ci-info: | enp0s3 | True | fe80::11:1dff:feb6:24f9/64 |       .       |  link  | 02:11:1d:b6:24:f9 |
[   28.042982] cloud-init[713]: ci-info: |   lo   | True |         127.0.0.1          |   255.0.0.0   |  host  |         .         |
[   28.045499] cloud-init[713]: ci-info: |   lo   | True |          ::1/128           |       .       |  host  |         .         |
[   28.046425] cloud-init[713]: ci-info: +--------+------+----------------------------+---------------+--------+-------------------+
[   28.047223] cloud-init[713]: ci-info: ++++++++++++++++++++++++++++Route IPv4 info+++++++++++++++++++++++++++++
[   28.048240] cloud-init[713]: ci-info: +-------+-------------+----------+-----------------+-----------+-------+
[   28.049040] cloud-init[713]: ci-info: | Route | Destination | Gateway  |     Genmask     | Interface | Flags |
[   28.049810] cloud-init[713]: ci-info: +-------+-------------+----------+-----------------+-----------+-------+
[   28.056289] cloud-init[713]: ci-info: |   0   |   0.0.0.0   | 10.0.2.2 |     0.0.0.0     |   enp0s3  |   UG  |
[   28.057174] cloud-init[713]: ci-info: |   1   |   10.0.2.0  | 0.0.0.0  |  255.255.255.0  |   enp0s3  |   U   |
[   28.058208] cloud-init[713]: ci-info: |   2   |   10.0.2.2  | 0.0.0.0  | 255.255.255.255 |   enp0s3  |   UH  |
[   28.059497] cloud-init[713]: ci-info: +-------+-------------+----------+-----------------+-----------+-------+
[   28.060526] cloud-init[713]: ci-info: +++++++++++++++++++Route IPv6 info+++++++++++++++++++
[   28.061340] cloud-init[713]: ci-info: +-------+-------------+---------+-----------+-------+
[   28.061996] cloud-init[713]: ci-info: | Route | Destination | Gateway | Interface | Flags |
[   28.062696] cloud-init[713]: ci-info: +-------+-------------+---------+-----------+-------+
[   28.063358] cloud-init[713]: ci-info: |   1   |  fe80::/64  |    ::   |   enp0s3  |   U   |
[   28.064033] cloud-init[713]: ci-info: |   3   |    local    |    ::   |   enp0s3  |   U   |
[   28.064754] cloud-init[713]: ci-info: |   4   |   ff00::/8  |    ::   |   enp0s3  |   U   |
[   28.065436] cloud-init[713]: ci-info: +-------+-------------+---------+-----------+-------+
[   28.951403] cloud-init[713]: Generating public/private rsa key pair.
[   28.952002] cloud-init[713]: Your identification has been saved in /etc/ssh/ssh_host_rsa_key.
[   28.976644] cloud-init[713]: Your public key has been saved in /etc/ssh/ssh_host_rsa_key.pub.
[   28.977357] cloud-init[713]: The key fingerprint is:
[   28.977692] cloud-init[713]: SHA256:J2iuAtP/6pGxbTPNekocJlMRtwNjc2vVbUHOeEJcUWk root@ubuntu-bionic
[   28.978431] cloud-init[713]: The key's randomart image is:
[   28.978900] cloud-init[713]: +---[RSA 2048]----+
[   28.979323] cloud-init[713]: |      B.o .o.+=+o|
[   28.979746] cloud-init[713]: |     . B + .o+oE |
[   28.980143] cloud-init[713]: |      . =   o.=  |
[   28.980546] cloud-init[713]: |     . o .   o   |
[   28.980889] cloud-init[713]: | .  + = S .      |
[   28.982236] cloud-init[713]: |o .  % + o       |
[   28.982776] cloud-init[713]: | o .+ O o        |
[   28.983322] cloud-init[713]: |  . .= +.        |
[   28.983859] cloud-init[713]: |   o+o+o         |
[   28.984431] cloud-init[713]: +----[SHA256]-----+
[   28.986986] cloud-init[713]: Generating public/private dsa key pair.
[   28.996404] cloud-init[713]: Your identification has been saved in /etc/ssh/ssh_host_dsa_key.
[   28.997177] cloud-init[713]: Your public key has been saved in /etc/ssh/ssh_host_dsa_key.pub.
[   28.997857] cloud-init[713]: The key fingerprint is:
[   28.998306] cloud-init[713]: SHA256:1Ipc9qouNA4UwP579Qb/7rT1l1kYD8eVuYEO8MNZSV0 root@ubuntu-bionic
[   28.999047] cloud-init[713]: The key's randomart image is:
[   28.999571] cloud-init[713]: +---[DSA 1024]----+
[   29.000001] cloud-init[713]: |o.       .. .o+ E|
[   29.000476] cloud-init[713]: | ..      .o.oo =.|
[   29.000880] cloud-init[713]: |.  .    + .=o  .+|
[   29.001381] cloud-init[713]: | ..  . = o  ..o.o|
[   29.006426] cloud-init[713]: | ..   o S .    * |
[   29.007019] cloud-init[713]: |  ..o  o .    . o|
[   29.007519] cloud-init[713]: |   +... =  . .  +|
[   29.007904] cloud-init[713]: |   .o. . +. o .o.|
[   29.008262] cloud-init[713]: |    .oo . +=   ..|
[   29.009303] cloud-init[713]: +----[SHA256]-----+
[   29.009688] cloud-init[713]: Generating public/private ecdsa key pair.
[   29.010228] cloud-init[713]: Your identification has been saved in /etc/ssh/ssh_host_ecdsa_key.
[   29.010903] cloud-init[713]: Your public key has been saved in /etc/ssh/ssh_host_ecdsa_key.pub.
[   29.011576] cloud-init[713]: The key fingerprint is:
[   29.012021] cloud-init[713]: SHA256:HjQCiBemBzU+1g3nsED42NE1lS6FgRX+iSkSvE81WNw root@ubuntu-bionic
[   29.012770] cloud-init[713]: The key's randomart image is:
[   29.013198] cloud-init[713]: +---[ECDSA 256]---+
[   29.013611] cloud-init[713]: |.=B++=O*..       |
[   29.014021] cloud-init[713]: |o*++o%o.E        |
[   29.014426] cloud-init[713]: |.=B.+ Boo        |
[   29.014769] cloud-init[713]: |.oo+ ..B.o       |
[   29.015184] cloud-init[713]: |  o o o.S        |
[   29.015529] cloud-init[713]: |   + . . .       |
[   29.015907] cloud-init[713]: |    .   .        |
[   29.016309] cloud-init[713]: |                 |
[   29.016737] cloud-init[713]: |                 |
[   29.017049] cloud-init[713]: +----[SHA256]-----+
[   29.018083] cloud-init[713]: Generating public/private ed25519 key pair.
[   29.020920] cloud-init[713]: Your identification has been saved in /etc/ssh/ssh_host_ed25519_key.
[   29.021841] cloud-init[713]: Your public key has been saved in /etc/ssh/ssh_host_ed25519_key.pub.
[   29.022816] cloud-init[713]: The key fingerprint is:
[   29.023327] cloud-init[713]: SHA256:XBSA2WzgR10B9zVZZhdZRK+oxd763GQwmxM2mIP0sqc root@ubuntu-bionic
[   29.024018] cloud-init[713]: The key's randomart image is:
[   29.044864] cloud-init[713]: +--[ED25519 256]--+
[   29.045329] cloud-init[713]: |      .*oo+++. =/|
[   29.045696] cloud-init[713]: |     .o.+... . *+|
[   29.060186] cloud-init[713]: |      ... o   . .|
[[0;32m  OK  [0m] Started Initial cloud-init job (metadata service crawler).
[   29.060742] cloud-init[713]: |       o o + + . |
[[0;32m  OK  [0m] Reached target Cloud-config availability.
[   29.065596] [cloud-init[0;32m  OK  [0m[713]: ] |        S o O B  |Reached target System Initialization.

[[0;32m  OK  [0m] Listening on ACPID Listen Socket.
[[0;32m  OK  [0m] Listening on D-Bus System Message Bus Socket.
[[0;32m  OK  [0m] Listening on UUID daemon activation socket.
[[0;32m  OK  [0m] Listening on Open-iSCSI iscsid Socket.
[   29.068282] cloud-init[713]: |           * + B |
[   29.068868] cloud-init[713]: |          o o = o|
[[0;32m  OK  [0m] Started Discard unused blocks once a week.
[   29.080583] cloud-init[713]: |           o o = |
[[0;32m  OK  [0m] Started Daily apt download activities.
[   29.092978] [cloud-init[0;32m  OK  [0m[713]: ] |          E ..o .|Started Daily Cleanup of Temporary Directories.

[[0;32m  OK  [0m] Started Daily apt upgrade and clean activities.
[   29.094469] cloud-init[713]: +----[SHA256]-----+
         Starting Socket activation for snappy daemon.
[[0;32m  OK  [0m] Started ACPI Events Check.
[[0;32m  OK  [0m] Started Message of the Day.
[[0;32m  OK  [0m] Reached target Paths.
[[0;32m  OK  [0m] Reached target Timers.
         Starting LXD - unix socket.
[[0;32m  OK  [0m] Reached target Network is Online.
[[0;32m  OK  [0m] Reached target Remote File Systems (Pre).
[[0;32m  OK  [0m] Reached target Remote File Systems.
         Starting Availability of block devices...
[[0;32m  OK  [0m] Listening on Socket activation for snappy daemon.
[[0;32m  OK  [0m] Listening on LXD - unix socket.
[[0;32m  OK  [0m] Reached target Sockets.
[[0;32m  OK  [0m] Reached target Basic System.
         Starting LXD - container startup/shutdown...
         Starting Virtualbox guest utils...
         Starting Dispatcher daemon for systemd-networkd...
         Starting Permit User Sessions...
         Starting System Logging Service...
         Starting LSB: automatic crash report generation...
[[0;32m  OK  [0m] Started Regular background program processing daemon.
[[0;32m  OK  [0m] Started FUSE filesystem for LXC.
         Starting Login Service...
[[0;32m  OK  [0m] Started Deferred execution scheduler.
         Starting Pollinate to seed the pseudo random number generator...
         Starting LSB: Record successful boot for GRUB...
[[0;32m  OK  [0m] Started D-Bus System Message Bus.
[[0;32m  OK  [0m] Started irqbalance daemon.
         Starting Accounts Service...
         Starting Snap Daemon...
[[0;32m  OK  [0m] Started System Logging Service.
[[0;32m  OK  [0m] Started Availability of block devices.
[[0;32m  OK  [0m] Started Permit User Sessions.
[[0;32m  OK  [0m] Started Login Service.
[[0;32m  OK  [0m] Started Unattended Upgrades Shutdown.
         Starting Terminate Plymouth Boot Screen...
         Starting Hold until boot process finishes up...
[[0;32m  OK  [0m] Started Terminate Plymouth Boot Screen.
[[0;32m  OK  [0m] Started Hold until boot process finishes up.
[[0;32m  OK  [0m] Started Serial Getty on ttyS0.
         Starting Set console scheme...
         Starting Authorization Manager...
[[0;32m  OK  [0m] Started LSB: automatic crash report generation.
[[0;32m  OK  [0m] Started LXD - container startup/shutdown.
[[0;32m  OK  [0m] Started Virtualbox guest utils.
[[0;32m  OK  [0m] Started LSB: Record successful boot for GRUB.
[[0;32m  OK  [0m] Started Set console scheme.
[[0;32m  OK  [0m] Created slice system-getty.slice.
[[0;32m  OK  [0m] Started Getty on tty1.
[[0;32m  OK  [0m] Reached target Login Prompts.
[[0;32m  OK  [0m] Started Authorization Manager.
[[0;32m  OK  [0m] Started Accounts Service.
[[0;32m  OK  [0m] Started Dispatcher daemon for systemd-networkd.
[[0;32m  OK  [0m] Started Snap Daemon.
         Starting Wait until snapd is fully seeded...
[[0;32m  OK  [0m] Started Pollinate to seed the pseudo random number generator.
         Starting OpenBSD Secure Shell server...
[[0;32m  OK  [0m] Started OpenBSD Secure Shell server.
[[0;32m  OK  [0m] Created slice User Slice of vagrant.
         Starting User Manager for UID 1000...
[[0;32m  OK  [0m] Started Session 1 of user vagrant.
[[0;32m  OK  [0m] Started User Manager for UID 1000.
         Stopping User Manager for UID 1000...
[[0;32m  OK  [0m] Stopped User Manager for UID 1000.
[[0;32m  OK  [0m] Removed slice User Slice of vagrant.

Ubuntu 18.04.5 LTS ubuntu-bionic ttyS0

ubuntu-bionic login: [   36.141773] cloud-init[1651]: Cloud-init v. 21.1-19-gbad84ad4-0ubuntu1~18.04.2 running 'modules:config' at Mon, 03 May 2021 14:25:47 +0000. Up 35.79 seconds.
ci-info: no authorized SSH keys fingerprints found for user ubuntu.
<14>May  3 14:25:48 ec2: 
<14>May  3 14:25:48 ec2: #############################################################
<14>May  3 14:25:48 ec2: -----BEGIN SSH HOST KEY FINGERPRINTS-----
<14>May  3 14:25:48 ec2: 1024 SHA256:1Ipc9qouNA4UwP579Qb/7rT1l1kYD8eVuYEO8MNZSV0 root@ubuntu-bionic (DSA)
<14>May  3 14:25:48 ec2: 256 SHA256:HjQCiBemBzU+1g3nsED42NE1lS6FgRX+iSkSvE81WNw root@ubuntu-bionic (ECDSA)
<14>May  3 14:25:48 ec2: 256 SHA256:XBSA2WzgR10B9zVZZhdZRK+oxd763GQwmxM2mIP0sqc root@ubuntu-bionic (ED25519)
<14>May  3 14:25:48 ec2: 2048 SHA256:J2iuAtP/6pGxbTPNekocJlMRtwNjc2vVbUHOeEJcUWk root@ubuntu-bionic (RSA)
<14>May  3 14:25:48 ec2: -----END SSH HOST KEY FINGERPRINTS-----
<14>May  3 14:25:48 ec2: #############################################################
-----BEGIN SSH HOST KEY KEYS-----
ecdsa-sha2-nistp256 AAAAE2VjZHNhLXNoYTItbmlzdHAyNTYAAAAIbmlzdHAyNTYAAABBBNbLpx74QHVgCv9eXYGO/1fHLchjjROD6w6Z052prFYe7GNKR7ytym3Qd3cwPPZJApz4oTeEFaUPj9Wxyc5ei8w= root@ubuntu-bionic
ssh-ed25519 AAAAC3NzaC1lZDI1NTE5AAAAIAdCOCVwrRCiyjs4/GVCvgCmjaf/P3JrRqCwr6x03kkx root@ubuntu-bionic
ssh-rsa AAAAB3NzaC1yc2EAAAADAQABAAABAQDj2va8B10onjEpCc0JB+sx7sAQUWFpqpb4a/GVjBwMVqVanbRYOuTGWMrmY3djgrqdU7gt7SCWBwo68nYnagmhqQ0TD1OGmr5yu72bOWy7mXVtc00pP3JuLivf3FSuuiwNTCLUS11JiEWqq55PIHpcZV8AjiRxQKf/IUAlkyBNR8nK3syPS8CvKGh+z8Chfx2tNuLEjTKxFFIq11CtxaXgt6xlWIdbXCam6rwRF+8LeM9mgP4L11i7a0cac1QKItgV/4IbeC+l91qNjB3I3NELuAdhotQq9Fn55LMHZsiPPJ4oG8Zg6Do8TaSWlqD7I4UdcUyHMuW08Vw9TnpQXoF9 root@ubuntu-bionic
-----END SSH HOST KEY KEYS-----
[   36.703136] cloud-init[1701]: Cloud-init v. 21.1-19-gbad84ad4-0ubuntu1~18.04.2 running 'modules:final' at Mon, 03 May 2021 14:25:48 +0000. Up 36.52 seconds.
[   36.703234] cloud-init[1701]: ci-info: no authorized SSH keys fingerprints found for user ubuntu.
[   36.703276] cloud-init[1701]: Cloud-init v. 21.1-19-gbad84ad4-0ubuntu1~18.04.2 finished at Mon, 03 May 2021 14:25:48 +0000. Datasource DataSourceNoCloud [seed=/dev/sdb][dsmode=net].  Up 36.68 seconds
